<?xml version="1.0" encoding="UTF-8"?>
<testng-results skipped="0" failed="0" ignored="0" total="1" passed="1">
  <reporter-output>
  </reporter-output>
  <suite name="Default suite" duration-ms="17831" started-at="2020-10-04T18:52:43Z" finished-at="2020-10-04T18:53:00Z">
    <groups>
    </groups>
    <test name="Default test" duration-ms="17831" started-at="2020-10-04T18:52:43Z" finished-at="2020-10-04T18:53:00Z">
      <class name="a_tests.CheckBoxPageTest">
        <test-method status="PASS" signature="setUpTest()[pri:0, instance:a_tests.CheckBoxPageTest@77cd7a0]" name="setUpTest" is-config="true" duration-ms="16027" started-at="2020-10-04T18:52:43Z" finished-at="2020-10-04T18:52:59Z">
          <reporter-output>
          </reporter-output>
        </test-method> <!-- setUpTest -->
        <test-method status="PASS" signature="runTest()[pri:0, instance:a_tests.CheckBoxPageTest@77cd7a0]" name="runTest" duration-ms="1616" started-at="2020-10-04T18:52:59Z" finished-at="2020-10-04T18:53:00Z">
          <reporter-output>
          </reporter-output>
        </test-method> <!-- runTest -->
        <test-method status="PASS" signature="tearDownTest()[pri:0, instance:a_tests.CheckBoxPageTest@77cd7a0]" name="tearDownTest" is-config="true" duration-ms="151" started-at="2020-10-04T18:53:00Z" finished-at="2020-10-04T18:53:00Z">
          <reporter-output>
          </reporter-output>
        </test-method> <!-- tearDownTest -->
      </class> <!-- a_tests.CheckBoxPageTest -->
    </test> <!-- Default test -->
  </suite> <!-- Default suite -->
</testng-results>
